
--- Running: ['C:\\Users\\shaun\\anaconda3\\python.exe', 'C:\\Users\\shaun\\OneDrive\\Desktop\\DevPortfolio\\Work_in_Progress\\SystemOps\\src\\system_monitor.py'] ---

--- Running: ['C:\\Users\\shaun\\anaconda3\\python.exe', 'C:\\Users\\shaun\\OneDrive\\Desktop\\DevPortfolio\\Work_in_Progress\\SystemOps\\src\\network_scanner.py'] ---
Pinging 192.168.1.0...
Pinging 192.168.1.1...
Host up: 192.168.1.1
Pinging 192.168.1.2...
Pinging 192.168.1.3...
Pinging 192.168.1.4...
Pinging 192.168.1.5...
Pinging 192.168.1.6...
Pinging 192.168.1.7...
Pinging 192.168.1.8...
Pinging 192.168.1.9...
Pinging 192.168.1.10...
Pinging 192.168.1.11...
Pinging 192.168.1.12...
Pinging 192.168.1.13...
Pinging 192.168.1.14...
Pinging 192.168.1.15...
Pinging 192.168.1.16...
Pinging 192.168.1.17...
Pinging 192.168.1.18...
Pinging 192.168.1.19...
Pinging 192.168.1.20...
Pinging 192.168.1.21...
Pinging 192.168.1.22...
Pinging 192.168.1.23...
Pinging 192.168.1.24...
Pinging 192.168.1.25...
Pinging 192.168.1.26...
Pinging 192.168.1.27...
Pinging 192.168.1.28...
Pinging 192.168.1.29...
Pinging 192.168.1.30...
Pinging 192.168.1.31...
Pinging 192.168.1.32...
Pinging 192.168.1.33...
Pinging 192.168.1.34...
Pinging 192.168.1.35...
Pinging 192.168.1.36...
Pinging 192.168.1.37...
Pinging 192.168.1.38...
Pinging 192.168.1.39...
Pinging 192.168.1.40...
Pinging 192.168.1.41...
Pinging 192.168.1.42...
Pinging 192.168.1.43...
Pinging 192.168.1.44...
Pinging 192.168.1.45...
Pinging 192.168.1.46...
Pinging 192.168.1.47...
Pinging 192.168.1.48...
Pinging 192.168.1.49...
Pinging 192.168.1.50...
Pinging 192.168.1.51...
Pinging 192.168.1.52...
Pinging 192.168.1.53...
Pinging 192.168.1.54...
Pinging 192.168.1.55...
Pinging 192.168.1.56...
Pinging 192.168.1.57...
Pinging 192.168.1.58...
Pinging 192.168.1.59...
Pinging 192.168.1.60...
Pinging 192.168.1.61...
Pinging 192.168.1.62...
Pinging 192.168.1.63...
Pinging 192.168.1.64...
Pinging 192.168.1.65...
Pinging 192.168.1.66...
Pinging 192.168.1.67...
Pinging 192.168.1.68...
Pinging 192.168.1.69...
Pinging 192.168.1.70...
Pinging 192.168.1.71...
Pinging 192.168.1.72...
Pinging 192.168.1.73...
Pinging 192.168.1.74...
Pinging 192.168.1.75...
Pinging 192.168.1.76...
Pinging 192.168.1.77...
Pinging 192.168.1.78...
Pinging 192.168.1.79...
Pinging 192.168.1.80...
Pinging 192.168.1.81...
Pinging 192.168.1.82...
Pinging 192.168.1.83...
Pinging 192.168.1.84...
Pinging 192.168.1.85...
Pinging 192.168.1.86...
Pinging 192.168.1.87...
Pinging 192.168.1.88...
Pinging 192.168.1.89...
Pinging 192.168.1.90...
Pinging 192.168.1.91...
Pinging 192.168.1.92...
Pinging 192.168.1.93...
Pinging 192.168.1.94...
Pinging 192.168.1.95...
Pinging 192.168.1.96...
Pinging 192.168.1.97...
Pinging 192.168.1.98...
Pinging 192.168.1.99...
Pinging 192.168.1.100...
Pinging 192.168.1.101...
Pinging 192.168.1.102...
Pinging 192.168.1.103...
Host up: 192.168.1.103
Pinging 192.168.1.104...
Pinging 192.168.1.105...
Pinging 192.168.1.106...
Pinging 192.168.1.107...
Pinging 192.168.1.108...
Pinging 192.168.1.109...
Pinging 192.168.1.110...
Pinging 192.168.1.111...
Pinging 192.168.1.112...
Pinging 192.168.1.113...
Pinging 192.168.1.114...
Pinging 192.168.1.115...
Pinging 192.168.1.116...
Pinging 192.168.1.117...
Pinging 192.168.1.118...
Pinging 192.168.1.119...
Pinging 192.168.1.120...
Pinging 192.168.1.121...
Pinging 192.168.1.122...
Pinging 192.168.1.123...
Pinging 192.168.1.124...
Pinging 192.168.1.125...
Pinging 192.168.1.126...
Pinging 192.168.1.127...
Pinging 192.168.1.128...
Pinging 192.168.1.129...
Pinging 192.168.1.130...
Pinging 192.168.1.131...
Pinging 192.168.1.132...
Pinging 192.168.1.133...
Pinging 192.168.1.134...
Pinging 192.168.1.135...
Pinging 192.168.1.136...
Pinging 192.168.1.137...
Pinging 192.168.1.138...
Pinging 192.168.1.139...
Pinging 192.168.1.140...
Pinging 192.168.1.141...
Pinging 192.168.1.142...
Pinging 192.168.1.143...
Pinging 192.168.1.144...
Pinging 192.168.1.145...
Pinging 192.168.1.146...
Pinging 192.168.1.147...
Pinging 192.168.1.148...
Pinging 192.168.1.149...
Pinging 192.168.1.150...
Pinging 192.168.1.151...
Pinging 192.168.1.152...
Pinging 192.168.1.153...
Host up: 192.168.1.153
Pinging 192.168.1.154...
Pinging 192.168.1.155...
Pinging 192.168.1.156...
Pinging 192.168.1.157...
Pinging 192.168.1.158...
Pinging 192.168.1.159...
Pinging 192.168.1.160...
Pinging 192.168.1.161...
Pinging 192.168.1.162...
Pinging 192.168.1.163...
Pinging 192.168.1.164...
Pinging 192.168.1.165...
Pinging 192.168.1.166...
Pinging 192.168.1.167...
Pinging 192.168.1.168...
Pinging 192.168.1.169...
Pinging 192.168.1.170...
Pinging 192.168.1.171...
Pinging 192.168.1.172...
Pinging 192.168.1.173...
Pinging 192.168.1.174...
Pinging 192.168.1.175...
Pinging 192.168.1.176...
Pinging 192.168.1.177...
Pinging 192.168.1.178...
Pinging 192.168.1.179...
Pinging 192.168.1.180...
Pinging 192.168.1.181...
Pinging 192.168.1.182...
Pinging 192.168.1.183...
Pinging 192.168.1.184...
Pinging 192.168.1.185...
Pinging 192.168.1.186...
Pinging 192.168.1.187...
Pinging 192.168.1.188...
Pinging 192.168.1.189...
Pinging 192.168.1.190...
Pinging 192.168.1.191...
Pinging 192.168.1.192...
Pinging 192.168.1.193...
Pinging 192.168.1.194...
Pinging 192.168.1.195...
Pinging 192.168.1.196...
Pinging 192.168.1.197...
Pinging 192.168.1.198...
Pinging 192.168.1.199...
Pinging 192.168.1.200...
Pinging 192.168.1.201...
Pinging 192.168.1.202...
Pinging 192.168.1.203...
Pinging 192.168.1.204...
Pinging 192.168.1.205...
Pinging 192.168.1.206...
Pinging 192.168.1.207...
Pinging 192.168.1.208...
Pinging 192.168.1.209...
Pinging 192.168.1.210...
Pinging 192.168.1.211...
Pinging 192.168.1.212...
Pinging 192.168.1.213...
Pinging 192.168.1.214...
Pinging 192.168.1.215...
Pinging 192.168.1.216...
Pinging 192.168.1.217...
Pinging 192.168.1.218...
Pinging 192.168.1.219...
Pinging 192.168.1.220...
Pinging 192.168.1.221...
Pinging 192.168.1.222...
Pinging 192.168.1.223...
Pinging 192.168.1.224...
Pinging 192.168.1.225...
Pinging 192.168.1.226...
Pinging 192.168.1.227...
Pinging 192.168.1.228...
Pinging 192.168.1.229...
Pinging 192.168.1.230...
Pinging 192.168.1.231...
Pinging 192.168.1.232...
Pinging 192.168.1.233...
Pinging 192.168.1.234...
Pinging 192.168.1.235...
Pinging 192.168.1.236...
Pinging 192.168.1.237...
Pinging 192.168.1.238...
Pinging 192.168.1.239...
Pinging 192.168.1.240...
Pinging 192.168.1.241...
Pinging 192.168.1.242...
Pinging 192.168.1.243...
Pinging 192.168.1.244...
Pinging 192.168.1.245...
Pinging 192.168.1.246...
Pinging 192.168.1.247...
Pinging 192.168.1.248...
Pinging 192.168.1.249...
Pinging 192.168.1.250...
Pinging 192.168.1.251...
Pinging 192.168.1.252...
Pinging 192.168.1.253...
Pinging 192.168.1.254...
Host up: 192.168.1.254
Pinging 192.168.1.255...

Active hosts found:
['192.168.1.1', '192.168.1.103', '192.168.1.153', '192.168.1.254']

--- Running: ['C:\\Users\\shaun\\anaconda3\\python.exe', 'C:\\Users\\shaun\\OneDrive\\Desktop\\DevPortfolio\\Work_in_Progress\\SystemOps\\src\\remote_metrics.py'] ---
{'host': '192.168.1.100', 'uptime': '5 days, 4:32', 'cpu_percent': 23.5, 'ram_percent': 48.2, 'disk_percent': 62.1}
{'host': '192.168.1.101', 'uptime': '5 days, 4:32', 'cpu_percent': 23.5, 'ram_percent': 48.2, 'disk_percent': 62.1}

--- Running: ['C:\\Users\\shaun\\anaconda3\\python.exe', 'C:\\Users\\shaun\\OneDrive\\Desktop\\DevPortfolio\\Work_in_Progress\\SystemOps\\src\\compliance_check.py'] ---
All lines compliant

--- Running: ['powershell', '-ExecutionPolicy', 'Bypass', '-File', 'C:\\Users\\shaun\\OneDrive\\Desktop\\DevPortfolio\\Work_in_Progress\\SystemOps\\src\\backup_config.ps1'] ---
Backup saved to C:\Users\shaun\OneDrive\Desktop\DevPortfolio\Work_in_Progress\SystemOps\src\..\backup_locker\backups\config_20260109_014723.txt
